{
  "codecritic/lib/critic.js": {
    "path": "codecritic/lib/critic.js",
    "s": {
      "1": 1,
      "2": 1,
      "3": 0,
      "4": 5,
      "5": 15,
      "6": 3,
      "7": 5,
      "8": 1,
      "9": 1,
      "10": 5,
      "11": 1,
      "12": 5,
      "13": 5,
      "14": 5,
      "15": 1,
      "16": 1,
      "17": 1,
      "18": 1,
      "19": 1,
      "20": 1,
      "21": 1,
      "22": 1,
      "23": 1,
      "24": 1,
      "25": 1,
      "26": 1
    },
    "b": {
      "1": [3, 12],
      "2": [5, 3]
    },
    "f": {
      "1": 5,
      "2": 15,
      "3": 1,
      "4": 5,
      "5": 5,
      "6": 5,
      "7": 1,
      "8": 1,
      "9": 1,
      "10": 1,
      "11": 1,
      "12": 1,
      "13": 1,
      "14": 1
    },
    "fnMap": {
      "1": {
        "name": "applicableIssues",
        "line": 19,
        "loc": {
          "start": {
            "line": 19,
            "column": 0
          },
          "end": {
            "line": 19,
            "column": 39
          }
        }
      },
      "2": {
        "name": "(anonymous_2)",
        "line": 21,
        "loc": {
          "start": {
            "line": 21,
            "column": 35
          },
          "end": {
            "line": 21,
            "column": 50
          }
        }
      },
      "3": {
        "name": "organize",
        "line": 34,
        "loc": {
          "start": {
            "line": 34,
            "column": 0
          },
          "end": {
            "line": 34,
            "column": 26
          }
        }
      },
      "4": {
        "name": "(anonymous_4)",
        "line": 35,
        "loc": {
          "start": {
            "line": 35,
            "column": 37
          },
          "end": {
            "line": 35,
            "column": 55
          }
        }
      },
      "5": {
        "name": "(anonymous_5)",
        "line": 46,
        "loc": {
          "start": {
            "line": 46,
            "column": 17
          },
          "end": {
            "line": 46,
            "column": 35
          }
        }
      },
      "6": {
        "name": "(anonymous_6)",
        "line": 47,
        "loc": {
          "start": {
            "line": 47,
            "column": 56
          },
          "end": {
            "line": 47,
            "column": 73
          }
        }
      },
      "7": {
        "name": "evaluateJS",
        "line": 66,
        "loc": {
          "start": {
            "line": 66,
            "column": 0
          },
          "end": {
            "line": 66,
            "column": 49
          }
        }
      },
      "8": {
        "name": "(anonymous_8)",
        "line": 68,
        "loc": {
          "start": {
            "line": 68,
            "column": 4
          },
          "end": {
            "line": 68,
            "column": 18
          }
        }
      },
      "9": {
        "name": "(anonymous_9)",
        "line": 69,
        "loc": {
          "start": {
            "line": 69,
            "column": 29
          },
          "end": {
            "line": 69,
            "column": 50
          }
        }
      },
      "10": {
        "name": "(anonymous_10)",
        "line": 74,
        "loc": {
          "start": {
            "line": 74,
            "column": 4
          },
          "end": {
            "line": 74,
            "column": 18
          }
        }
      },
      "11": {
        "name": "(anonymous_11)",
        "line": 77,
        "loc": {
          "start": {
            "line": 77,
            "column": 4
          },
          "end": {
            "line": 77,
            "column": 18
          }
        }
      },
      "12": {
        "name": "(anonymous_12)",
        "line": 80,
        "loc": {
          "start": {
            "line": 80,
            "column": 4
          },
          "end": {
            "line": 80,
            "column": 18
          }
        }
      },
      "13": {
        "name": "(anonymous_13)",
        "line": 83,
        "loc": {
          "start": {
            "line": 83,
            "column": 4
          },
          "end": {
            "line": 83,
            "column": 18
          }
        }
      },
      "14": {
        "name": "(anonymous_14)",
        "line": 86,
        "loc": {
          "start": {
            "line": 86,
            "column": 5
          },
          "end": {
            "line": 86,
            "column": 26
          }
        }
      }
    },
    "statementMap": {
      "1": {
        "start": {
          "line": 4,
          "column": 0
        },
        "end": {
          "line": 11,
          "column": 27
        }
      },
      "2": {
        "start": {
          "line": 19,
          "column": 0
        },
        "end": {
          "line": 27,
          "column": 1
        }
      },
      "3": {
        "start": {
          "line": 20,
          "column": 2
        },
        "end": {
          "line": 20,
          "column": 20
        }
      },
      "4": {
        "start": {
          "line": 21,
          "column": 2
        },
        "end": {
          "line": 25,
          "column": 5
        }
      },
      "5": {
        "start": {
          "line": 22,
          "column": 4
        },
        "end": {
          "line": 24,
          "column": 5
        }
      },
      "6": {
        "start": {
          "line": 23,
          "column": 6
        },
        "end": {
          "line": 23,
          "column": 19
        }
      },
      "7": {
        "start": {
          "line": 26,
          "column": 2
        },
        "end": {
          "line": 26,
          "column": 15
        }
      },
      "8": {
        "start": {
          "line": 34,
          "column": 0
        },
        "end": {
          "line": 57,
          "column": 1
        }
      },
      "9": {
        "start": {
          "line": 35,
          "column": 2
        },
        "end": {
          "line": 45,
          "column": 5
        }
      },
      "10": {
        "start": {
          "line": 36,
          "column": 4
        },
        "end": {
          "line": 44,
          "column": 6
        }
      },
      "11": {
        "start": {
          "line": 46,
          "column": 2
        },
        "end": {
          "line": 51,
          "column": 5
        }
      },
      "12": {
        "start": {
          "line": 47,
          "column": 4
        },
        "end": {
          "line": 49,
          "column": 7
        }
      },
      "13": {
        "start": {
          "line": 48,
          "column": 6
        },
        "end": {
          "line": 48,
          "column": 50
        }
      },
      "14": {
        "start": {
          "line": 50,
          "column": 4
        },
        "end": {
          "line": 50,
          "column": 43
        }
      },
      "15": {
        "start": {
          "line": 52,
          "column": 2
        },
        "end": {
          "line": 56,
          "column": 4
        }
      },
      "16": {
        "start": {
          "line": 66,
          "column": 0
        },
        "end": {
          "line": 96,
          "column": 1
        }
      },
      "17": {
        "start": {
          "line": 67,
          "column": 2
        },
        "end": {
          "line": 95,
          "column": 5
        }
      },
      "18": {
        "start": {
          "line": 69,
          "column": 6
        },
        "end": {
          "line": 72,
          "column": 9
        }
      },
      "19": {
        "start": {
          "line": 71,
          "column": 8
        },
        "end": {
          "line": 71,
          "column": 23
        }
      },
      "20": {
        "start": {
          "line": 75,
          "column": 6
        },
        "end": {
          "line": 75,
          "column": 37
        }
      },
      "21": {
        "start": {
          "line": 78,
          "column": 6
        },
        "end": {
          "line": 78,
          "column": 36
        }
      },
      "22": {
        "start": {
          "line": 81,
          "column": 6
        },
        "end": {
          "line": 81,
          "column": 44
        }
      },
      "23": {
        "start": {
          "line": 84,
          "column": 6
        },
        "end": {
          "line": 84,
          "column": 37
        }
      },
      "24": {
        "start": {
          "line": 87,
          "column": 4
        },
        "end": {
          "line": 93,
          "column": 6
        }
      },
      "25": {
        "start": {
          "line": 94,
          "column": 4
        },
        "end": {
          "line": 94,
          "column": 36
        }
      },
      "26": {
        "start": {
          "line": 98,
          "column": 0
        },
        "end": {
          "line": 100,
          "column": 2
        }
      }
    },
    "branchMap": {
      "1": {
        "line": 22,
        "type": "if",
        "locations": [{
          "start": {
            "line": 22,
            "column": 4
          },
          "end": {
            "line": 22,
            "column": 4
          }
        }, {
          "start": {
            "line": 22,
            "column": 4
          },
          "end": {
            "line": 22,
            "column": 4
          }
        }]
      },
      "2": {
        "line": 43,
        "type": "binary-expr",
        "locations": [{
          "start": {
            "line": 43,
            "column": 14
          },
          "end": {
            "line": 43,
            "column": 40
          }
        }, {
          "start": {
            "line": 43,
            "column": 44
          },
          "end": {
            "line": 43,
            "column": 46
          }
        }]
      }
    }
  },
  "codecritic/lib/a_non_existent_file.js": {
    "path": "codecritic/lib/a_non_existent_file.js",
    "s": {
      "1": 1,
      "2": 1,
      "3": 0,
      "4": 5,
      "5": 15,
      "6": 3,
      "7": 5,
      "8": 1,
      "9": 1,
      "10": 5,
      "11": 1,
      "12": 5,
      "13": 5,
      "14": 5,
      "15": 1,
      "16": 1,
      "17": 1,
      "18": 1,
      "19": 1,
      "20": 1,
      "21": 1,
      "22": 1,
      "23": 1,
      "24": 1,
      "25": 1,
      "26": 1
    },
    "b": {
      "1": [3, 12],
      "2": [5, 3]
    },
    "f": {
      "1": 5,
      "2": 15,
      "3": 1,
      "4": 5,
      "5": 5,
      "6": 5,
      "7": 1,
      "8": 1,
      "9": 1,
      "10": 1,
      "11": 1,
      "12": 1,
      "13": 1,
      "14": 1
    },
    "fnMap": {
      "1": {
        "name": "applicableIssues",
        "line": 19,
        "loc": {
          "start": {
            "line": 19,
            "column": 0
          },
          "end": {
            "line": 19,
            "column": 39
          }
        }
      },
      "2": {
        "name": "(anonymous_2)",
        "line": 21,
        "loc": {
          "start": {
            "line": 21,
            "column": 35
          },
          "end": {
            "line": 21,
            "column": 50
          }
        }
      },
      "3": {
        "name": "organize",
        "line": 34,
        "loc": {
          "start": {
            "line": 34,
            "column": 0
          },
          "end": {
            "line": 34,
            "column": 26
          }
        }
      },
      "4": {
        "name": "(anonymous_4)",
        "line": 35,
        "loc": {
          "start": {
            "line": 35,
            "column": 37
          },
          "end": {
            "line": 35,
            "column": 55
          }
        }
      },
      "5": {
        "name": "(anonymous_5)",
        "line": 46,
        "loc": {
          "start": {
            "line": 46,
            "column": 17
          },
          "end": {
            "line": 46,
            "column": 35
          }
        }
      },
      "6": {
        "name": "(anonymous_6)",
        "line": 47,
        "loc": {
          "start": {
            "line": 47,
            "column": 56
          },
          "end": {
            "line": 47,
            "column": 73
          }
        }
      },
      "7": {
        "name": "evaluateJS",
        "line": 66,
        "loc": {
          "start": {
            "line": 66,
            "column": 0
          },
          "end": {
            "line": 66,
            "column": 49
          }
        }
      },
      "8": {
        "name": "(anonymous_8)",
        "line": 68,
        "loc": {
          "start": {
            "line": 68,
            "column": 4
          },
          "end": {
            "line": 68,
            "column": 18
          }
        }
      },
      "9": {
        "name": "(anonymous_9)",
        "line": 69,
        "loc": {
          "start": {
            "line": 69,
            "column": 29
          },
          "end": {
            "line": 69,
            "column": 50
          }
        }
      },
      "10": {
        "name": "(anonymous_10)",
        "line": 74,
        "loc": {
          "start": {
            "line": 74,
            "column": 4
          },
          "end": {
            "line": 74,
            "column": 18
          }
        }
      },
      "11": {
        "name": "(anonymous_11)",
        "line": 77,
        "loc": {
          "start": {
            "line": 77,
            "column": 4
          },
          "end": {
            "line": 77,
            "column": 18
          }
        }
      },
      "12": {
        "name": "(anonymous_12)",
        "line": 80,
        "loc": {
          "start": {
            "line": 80,
            "column": 4
          },
          "end": {
            "line": 80,
            "column": 18
          }
        }
      },
      "13": {
        "name": "(anonymous_13)",
        "line": 83,
        "loc": {
          "start": {
            "line": 83,
            "column": 4
          },
          "end": {
            "line": 83,
            "column": 18
          }
        }
      },
      "14": {
        "name": "(anonymous_14)",
        "line": 86,
        "loc": {
          "start": {
            "line": 86,
            "column": 5
          },
          "end": {
            "line": 86,
            "column": 26
          }
        }
      }
    },
    "statementMap": {
      "1": {
        "start": {
          "line": 4,
          "column": 0
        },
        "end": {
          "line": 11,
          "column": 27
        }
      },
      "2": {
        "start": {
          "line": 19,
          "column": 0
        },
        "end": {
          "line": 27,
          "column": 1
        }
      },
      "3": {
        "start": {
          "line": 20,
          "column": 2
        },
        "end": {
          "line": 20,
          "column": 20
        }
      },
      "4": {
        "start": {
          "line": 21,
          "column": 2
        },
        "end": {
          "line": 25,
          "column": 5
        }
      },
      "5": {
        "start": {
          "line": 22,
          "column": 4
        },
        "end": {
          "line": 24,
          "column": 5
        }
      },
      "6": {
        "start": {
          "line": 23,
          "column": 6
        },
        "end": {
          "line": 23,
          "column": 19
        }
      },
      "7": {
        "start": {
          "line": 26,
          "column": 2
        },
        "end": {
          "line": 26,
          "column": 15
        }
      },
      "8": {
        "start": {
          "line": 34,
          "column": 0
        },
        "end": {
          "line": 57,
          "column": 1
        }
      },
      "9": {
        "start": {
          "line": 35,
          "column": 2
        },
        "end": {
          "line": 45,
          "column": 5
        }
      },
      "10": {
        "start": {
          "line": 36,
          "column": 4
        },
        "end": {
          "line": 44,
          "column": 6
        }
      },
      "11": {
        "start": {
          "line": 46,
          "column": 2
        },
        "end": {
          "line": 51,
          "column": 5
        }
      },
      "12": {
        "start": {
          "line": 47,
          "column": 4
        },
        "end": {
          "line": 49,
          "column": 7
        }
      },
      "13": {
        "start": {
          "line": 48,
          "column": 6
        },
        "end": {
          "line": 48,
          "column": 50
        }
      },
      "14": {
        "start": {
          "line": 50,
          "column": 4
        },
        "end": {
          "line": 50,
          "column": 43
        }
      },
      "15": {
        "start": {
          "line": 52,
          "column": 2
        },
        "end": {
          "line": 56,
          "column": 4
        }
      },
      "16": {
        "start": {
          "line": 66,
          "column": 0
        },
        "end": {
          "line": 96,
          "column": 1
        }
      },
      "17": {
        "start": {
          "line": 67,
          "column": 2
        },
        "end": {
          "line": 95,
          "column": 5
        }
      },
      "18": {
        "start": {
          "line": 69,
          "column": 6
        },
        "end": {
          "line": 72,
          "column": 9
        }
      },
      "19": {
        "start": {
          "line": 71,
          "column": 8
        },
        "end": {
          "line": 71,
          "column": 23
        }
      },
      "20": {
        "start": {
          "line": 75,
          "column": 6
        },
        "end": {
          "line": 75,
          "column": 37
        }
      },
      "21": {
        "start": {
          "line": 78,
          "column": 6
        },
        "end": {
          "line": 78,
          "column": 36
        }
      },
      "22": {
        "start": {
          "line": 81,
          "column": 6
        },
        "end": {
          "line": 81,
          "column": 44
        }
      },
      "23": {
        "start": {
          "line": 84,
          "column": 6
        },
        "end": {
          "line": 84,
          "column": 37
        }
      },
      "24": {
        "start": {
          "line": 87,
          "column": 4
        },
        "end": {
          "line": 93,
          "column": 6
        }
      },
      "25": {
        "start": {
          "line": 94,
          "column": 4
        },
        "end": {
          "line": 94,
          "column": 36
        }
      },
      "26": {
        "start": {
          "line": 98,
          "column": 0
        },
        "end": {
          "line": 100,
          "column": 2
        }
      }
    },
    "branchMap": {
      "1": {
        "line": 22,
        "type": "if",
        "locations": [{
          "start": {
            "line": 22,
            "column": 4
          },
          "end": {
            "line": 22,
            "column": 4
          }
        }, {
          "start": {
            "line": 22,
            "column": 4
          },
          "end": {
            "line": 22,
            "column": 4
          }
        }]
      },
      "2": {
        "line": 43,
        "type": "binary-expr",
        "locations": [{
          "start": {
            "line": 43,
            "column": 14
          },
          "end": {
            "line": 43,
            "column": 40
          }
        }, {
          "start": {
            "line": 43,
            "column": 44
          },
          "end": {
            "line": 43,
            "column": 46
          }
        }]
      }
    }
  }
}
